{"total": {"lines":{"total":364,"covered":312,"skipped":0,"pct":85.71},"statements":{"total":364,"covered":312,"skipped":0,"pct":85.71},"functions":{"total":42,"covered":36,"skipped":0,"pct":85.71},"branches":{"total":64,"covered":49,"skipped":0,"pct":76.56},"branchesTrue":{"total":0,"covered":0,"skipped":0,"pct":100}}
,"/workspace/src/main.ts": {"lines":{"total":6,"covered":0,"skipped":0,"pct":0},"functions":{"total":1,"covered":0,"skipped":0,"pct":0},"statements":{"total":6,"covered":0,"skipped":0,"pct":0},"branches":{"total":1,"covered":0,"skipped":0,"pct":0}}
,"/workspace/src/sprint-craft/app.ts": {"lines":{"total":144,"covered":111,"skipped":0,"pct":77.08},"functions":{"total":8,"covered":8,"skipped":0,"pct":100},"statements":{"total":144,"covered":111,"skipped":0,"pct":77.08},"branches":{"total":15,"covered":11,"skipped":0,"pct":73.33}}
,"/workspace/src/sprint-craft/input.ts": {"lines":{"total":68,"covered":66,"skipped":0,"pct":97.05},"functions":{"total":15,"covered":14,"skipped":0,"pct":93.33},"statements":{"total":68,"covered":66,"skipped":0,"pct":97.05},"branches":{"total":19,"covered":19,"skipped":0,"pct":100}}
,"/workspace/src/sprint-craft/ui/hotbar.ts": {"lines":{"total":54,"covered":51,"skipped":0,"pct":94.44},"functions":{"total":5,"covered":3,"skipped":0,"pct":60},"statements":{"total":54,"covered":51,"skipped":0,"pct":94.44},"branches":{"total":7,"covered":5,"skipped":0,"pct":71.42}}
,"/workspace/src/sprint-craft/ui/mouse-look.ts": {"lines":{"total":20,"covered":20,"skipped":0,"pct":100},"functions":{"total":3,"covered":3,"skipped":0,"pct":100},"statements":{"total":20,"covered":20,"skipped":0,"pct":100},"branches":{"total":9,"covered":5,"skipped":0,"pct":55.55}}
,"/workspace/src/sprint-craft/ui/pointer-lock.ts": {"lines":{"total":34,"covered":32,"skipped":0,"pct":94.11},"functions":{"total":5,"covered":4,"skipped":0,"pct":80},"statements":{"total":34,"covered":32,"skipped":0,"pct":94.11},"branches":{"total":7,"covered":4,"skipped":0,"pct":57.14}}
,"/workspace/src/sprint-craft/ui/toast.ts": {"lines":{"total":24,"covered":18,"skipped":0,"pct":75},"functions":{"total":4,"covered":3,"skipped":0,"pct":75},"statements":{"total":24,"covered":18,"skipped":0,"pct":75},"branches":{"total":5,"covered":4,"skipped":0,"pct":80}}
,"/workspace/src/sprint-craft/world/debug-ground.ts": {"lines":{"total":14,"covered":14,"skipped":0,"pct":100},"functions":{"total":1,"covered":1,"skipped":0,"pct":100},"statements":{"total":14,"covered":14,"skipped":0,"pct":100},"branches":{"total":1,"covered":1,"skipped":0,"pct":100}}
}
