TN:
SF:src/main.ts
FN:1,(empty-report)
FNF:1
FNH:0
FNDA:0,(empty-report)
DA:1,0
DA:8,0
DA:9,0
DA:11,0
DA:12,0
DA:13,0
LF:6
LH:0
BRDA:1,0,0,0
BRF:1
BRH:0
end_of_record
TN:
SF:src/sprint-craft/app.ts
FN:60,initApp
FN:70,log
FN:87,input.onDigit
FN:125,onLockedFirstTime
FN:147,onResize
FN:164,getFrameCount
FN:165,dispose
FN:176,initAppFromDom
FNF:8
FNH:8
FNDA:6,initApp
FNDA:6,log
FNDA:1,input.onDigit
FNDA:1,onLockedFirstTime
FNDA:1,onResize
FNDA:1,getFrameCount
FNDA:6,dispose
FNDA:1,initAppFromDom
DA:1,1
DA:60,1
DA:61,6
DA:62,6
DA:63,6
DA:64,6
DA:65,6
DA:66,6
DA:67,6
DA:68,6
DA:70,6
DA:71,6
DA:72,6
DA:73,6
DA:75,6
DA:76,6
DA:77,6
DA:79,6
DA:80,0
DA:81,0
DA:83,6
DA:84,6
DA:86,6
DA:87,6
DA:88,1
DA:89,1
DA:90,1
DA:93,6
DA:95,6
DA:96,6
DA:98,6
DA:99,6
DA:100,6
DA:101,6
DA:102,6
DA:103,6
DA:104,6
DA:106,6
DA:108,0
DA:109,0
DA:110,0
DA:111,0
DA:112,0
DA:113,6
DA:114,6
DA:115,6
DA:116,6
DA:117,6
DA:118,6
DA:120,6
DA:121,6
DA:122,6
DA:123,6
DA:124,6
DA:125,6
DA:127,1
DA:128,1
DA:129,6
DA:131,6
DA:132,6
DA:133,6
DA:134,6
DA:135,6
DA:136,6
DA:137,6
DA:140,6
DA:141,6
DA:142,3
DA:143,3
DA:144,3
DA:145,6
DA:147,6
DA:148,1
DA:149,1
DA:150,6
DA:152,6
DA:153,1
DA:154,1
DA:155,1
DA:156,1
DA:157,1
DA:159,6
DA:160,6
DA:161,6
DA:162,6
DA:163,6
DA:164,6
DA:165,6
DA:166,6
DA:167,6
DA:168,6
DA:169,6
DA:170,6
DA:171,6
DA:172,6
DA:173,6
DA:174,6
DA:176,1
DA:177,1
DA:178,1
DA:180,1
DA:181,1
DA:182,1
DA:183,1
DA:184,1
DA:185,1
DA:186,1
DA:187,1
DA:188,1
DA:189,1
DA:190,1
DA:191,1
DA:192,1
DA:193,1
DA:194,1
DA:195,1
DA:196,1
DA:198,0
DA:199,0
DA:200,0
DA:201,0
DA:202,0
DA:203,0
DA:204,0
DA:205,0
DA:206,0
DA:207,0
DA:208,0
DA:209,0
DA:210,0
DA:211,0
DA:212,0
DA:213,0
DA:214,0
DA:215,0
DA:216,0
DA:217,0
DA:218,0
DA:219,0
DA:220,0
DA:221,0
DA:222,0
DA:223,0
DA:224,1
LF:144
LH:111
BRDA:60,0,0,6
BRDA:79,1,0,0
BRDA:106,2,0,0
BRDA:152,3,0,1
BRDA:70,4,0,6
BRDA:71,5,0,0
BRDA:87,6,0,1
BRDA:93,7,0,1
BRDA:125,8,0,1
BRDA:141,9,0,3
BRDA:147,10,0,1
BRDA:164,11,0,1
BRDA:165,12,0,6
BRDA:176,13,0,1
BRDA:196,14,0,0
BRF:15
BRH:11
end_of_record
TN:
SF:src/sprint-craft/input.ts
FN:22,createInputState
FN:36,onKeyDown
FN:50,onKeyUp
FN:55,onMouseDown
FN:62,onMouseUp
FN:73,isKeyDown
FN:74,wasKeyPressed
FN:75,wasKeyReleased
FN:76,isMouseDown
FN:77,wasMousePressed
FN:78,wasMouseReleased
FN:79,endFrame
FN:85,dispose
FN:91,get onDigit
FN:94,set onDigit
FNF:15
FNH:14
FNDA:9,createInputState
FNDA:7,onKeyDown
FNDA:1,onKeyUp
FNDA:2,onMouseDown
FNDA:1,onMouseUp
FNDA:3,isKeyDown
FNDA:2,wasKeyPressed
FNDA:2,wasKeyReleased
FNDA:2,isMouseDown
FNDA:2,wasMousePressed
FNDA:1,wasMouseReleased
FNDA:5,endFrame
FNDA:9,dispose
FNDA:0,get onDigit
FNDA:7,set onDigit
DA:22,1
DA:23,9
DA:25,9
DA:26,9
DA:27,9
DA:28,9
DA:29,9
DA:30,9
DA:31,9
DA:32,9
DA:34,9
DA:36,9
DA:37,7
DA:38,6
DA:39,6
DA:40,6
DA:42,7
DA:43,4
DA:44,4
DA:45,3
DA:46,3
DA:47,4
DA:48,7
DA:50,9
DA:51,1
DA:52,1
DA:53,1
DA:55,9
DA:56,2
DA:57,1
DA:58,1
DA:59,1
DA:60,2
DA:62,9
DA:63,1
DA:64,1
DA:65,1
DA:67,9
DA:68,9
DA:69,9
DA:70,9
DA:72,9
DA:73,9
DA:74,9
DA:75,9
DA:76,9
DA:77,9
DA:78,9
DA:79,9
DA:80,5
DA:81,5
DA:82,5
DA:83,5
DA:84,5
DA:85,9
DA:86,9
DA:87,9
DA:88,9
DA:89,9
DA:90,9
DA:91,9
DA:92,0
DA:93,0
DA:94,9
DA:95,7
DA:96,7
DA:97,9
DA:98,9
LF:68
LH:66
BRDA:22,0,0,9
BRDA:36,1,0,7
BRDA:37,2,0,6
BRDA:42,3,0,4
BRDA:44,4,0,3
BRDA:44,5,0,3
BRDA:50,6,0,1
BRDA:55,7,0,2
BRDA:56,8,0,1
BRDA:62,9,0,1
BRDA:73,10,0,3
BRDA:74,11,0,2
BRDA:75,12,0,2
BRDA:76,13,0,2
BRDA:77,14,0,2
BRDA:78,15,0,1
BRDA:79,16,0,5
BRDA:85,17,0,9
BRDA:94,18,0,7
BRF:19
BRH:19
end_of_record
TN:
SF:src/sprint-craft/ui/hotbar.ts
FN:19,createHotbar
FN:49,applySelected
FN:59,getSelected
FN:60,setSelected
FN:65,dispose
FNF:5
FNH:3
FNDA:6,createHotbar
FNDA:7,applySelected
FNDA:0,getSelected
FNDA:1,setSelected
FNDA:0,dispose
DA:7,1
DA:8,1
DA:9,1
DA:10,1
DA:11,1
DA:12,1
DA:13,1
DA:14,1
DA:15,1
DA:16,1
DA:17,1
DA:19,1
DA:20,6
DA:21,6
DA:23,6
DA:25,6
DA:26,54
DA:27,54
DA:28,54
DA:30,54
DA:31,54
DA:32,54
DA:34,54
DA:36,54
DA:37,54
DA:38,54
DA:39,54
DA:40,54
DA:41,54
DA:42,54
DA:43,54
DA:45,54
DA:46,54
DA:47,54
DA:49,6
DA:50,7
DA:51,63
DA:52,63
DA:53,63
DA:54,7
DA:56,6
DA:58,6
DA:59,6
DA:60,6
DA:61,1
DA:62,1
DA:63,1
DA:64,1
DA:65,6
DA:66,0
DA:67,0
DA:68,0
DA:69,6
DA:70,6
LF:54
LH:51
BRDA:19,0,0,6
BRDA:25,1,0,54
BRDA:32,2,0,0
BRDA:49,3,0,7
BRDA:50,4,0,63
BRDA:60,5,0,1
BRDA:61,6,0,0
BRF:7
BRH:5
end_of_record
TN:
SF:src/sprint-craft/ui/mouse-look.ts
FN:7,createMouseLook
FN:16,onMouseMove
FN:37,dispose
FNF:3
FNH:3
FNDA:6,createMouseLook
FNDA:2,onMouseMove
FNDA:6,dispose
DA:7,1
DA:13,6
DA:14,6
DA:16,6
DA:17,2
DA:22,2
DA:24,2
DA:26,2
DA:27,2
DA:29,2
DA:30,2
DA:31,2
DA:32,2
DA:34,6
DA:36,6
DA:37,6
DA:38,6
DA:39,6
DA:40,6
DA:41,6
LF:20
LH:20
BRDA:7,0,0,6
BRDA:16,1,0,2
BRDA:17,2,0,1
BRDA:22,3,0,0
BRDA:24,4,0,0
BRDA:30,5,0,0
BRDA:30,6,0,1
BRDA:31,7,0,0
BRDA:37,8,0,6
BRF:9
BRH:5
end_of_record
TN:
SF:src/sprint-craft/ui/pointer-lock.ts
FN:8,createPointerLock
FN:20,updateLockedState
FN:36,onClick
FN:46,isLocked
FN:47,dispose
FNF:5
FNH:4
FNDA:6,createPointerLock
FNDA:1,updateLockedState
FNDA:1,onClick
FNDA:0,isLocked
FNDA:6,dispose
DA:8,1
DA:14,6
DA:15,6
DA:17,6
DA:18,6
DA:20,6
DA:21,1
DA:22,1
DA:24,1
DA:25,1
DA:26,1
DA:27,1
DA:28,1
DA:29,1
DA:30,1
DA:31,1
DA:32,0
DA:33,0
DA:34,1
DA:36,6
DA:37,1
DA:38,1
DA:39,1
DA:40,1
DA:42,6
DA:43,6
DA:45,6
DA:46,6
DA:47,6
DA:48,6
DA:49,6
DA:50,6
DA:51,6
DA:52,6
LF:34
LH:32
BRDA:8,0,0,6
BRDA:20,1,0,1
BRDA:22,2,0,0
BRDA:31,3,0,0
BRDA:36,4,0,1
BRDA:37,5,0,0
BRDA:47,6,0,6
BRF:7
BRH:4
end_of_record
TN:
SF:src/sprint-craft/ui/toast.ts
FN:6,createToast
FN:9,clearTimer
FN:17,show
FN:26,dispose
FNF:4
FNH:3
FNDA:6,createToast
FNDA:2,clearTimer
FNDA:2,show
FNDA:0,dispose
DA:6,1
DA:7,6
DA:9,6
DA:10,2
DA:11,0
DA:12,0
DA:13,0
DA:14,2
DA:16,6
DA:17,6
DA:18,2
DA:19,2
DA:20,2
DA:21,2
DA:22,1
DA:23,1
DA:24,2
DA:25,2
DA:26,6
DA:27,0
DA:28,0
DA:29,0
DA:30,6
DA:31,6
LF:24
LH:18
BRDA:6,0,0,6
BRDA:9,1,0,2
BRDA:10,2,0,0
BRDA:17,3,0,2
BRDA:21,4,0,1
BRF:5
BRH:4
end_of_record
TN:
SF:src/sprint-craft/world/debug-ground.ts
FN:3,createDebugGround
FNF:1
FNH:1
FNDA:1,createDebugGround
DA:3,1
DA:6,1
DA:7,1
DA:13,1
DA:14,1
DA:15,1
DA:16,1
DA:17,1
DA:21,1
DA:22,1
DA:23,1
DA:24,1
DA:25,1
DA:26,1
LF:14
LH:14
BRDA:3,0,0,1
BRF:1
BRH:1
end_of_record
